\BOOKMARK [0][-]{chapter.1}{\376\377\000E\000i\000n\000l\000e\000i\000t\000u\000n\000g}{}% 1
\BOOKMARK [1][-]{section.1.1}{\376\377\000M\000o\000t\000i\000v\000a\000t\000i\000o\000n}{chapter.1}% 2
\BOOKMARK [1][-]{section.1.2}{\376\377\000Z\000i\000e\000l\000s\000e\000t\000z\000u\000n\000g}{chapter.1}% 3
\BOOKMARK [0][-]{chapter.2}{\376\377\000G\000r\000u\000n\000d\000l\000a\000g\000e\000n}{}% 4
\BOOKMARK [1][-]{section.2.1}{\376\377\000A\000P\000I}{chapter.2}% 5
\BOOKMARK [2][-]{subsection.2.1.1}{\376\377\000A\000b\000s\000t\000r\000a\000k\000t\000e\000s\000\040\000B\000e\000i\000s\000p\000i\000e\000l\000\040\000A\000P\000I}{section.2.1}% 6
\BOOKMARK [1][-]{section.2.2}{\376\377\000R\000E\000S\000T\000-\000A\000P\000I}{chapter.2}% 7
\BOOKMARK [2][-]{subsection.2.2.1}{\376\377\000R\000E\000S\000T\000-\000B\000e\000d\000i\000n\000g\000u\000n\000g\000e\000n}{section.2.2}% 8
\BOOKMARK [2][-]{subsection.2.2.2}{\376\377\000K\000o\000m\000m\000u\000n\000i\000k\000a\000t\000i\000o\000n\000\040\000m\000i\000t\000\040\000d\000e\000m\000\040\000S\000e\000r\000v\000e\000r}{section.2.2}% 9
\BOOKMARK [1][-]{section.2.3}{\376\377\000G\000r\000a\000p\000h\000Q\000L}{chapter.2}% 10
\BOOKMARK [2][-]{subsection.2.3.1}{\376\377\000E\000n\000t\000w\000u\000r\000f\000s\000p\000r\000i\000n\000z\000i\000p\000i\000e\000n}{section.2.3}% 11
\BOOKMARK [1][-]{section.2.4}{\376\377\000G\000r\000a\000p\000h\000Q\000L\000\040\000v\000s\000.\000\040\000R\000E\000S\000T}{chapter.2}% 12
\BOOKMARK [2][-]{subsection.2.4.1}{\376\377\000E\000n\000d\000p\000u\000n\000k\000t\000e}{section.2.4}% 13
\BOOKMARK [2][-]{subsection.2.4.2}{\376\377\000O\000v\000e\000r\000-\000f\000e\000t\000c\000h\000i\000n\000g\000\040\000u\000n\000d\000\040\000U\000n\000d\000e\000r\000-\000f\000e\000t\000c\000h\000i\000n\000g}{section.2.4}% 14
\BOOKMARK [2][-]{subsection.2.4.3}{\376\377\000W\000a\000s\000\040\000i\000s\000t\000\040\000f\000\374\000r\000\040\000w\000e\000l\000c\000h\000e\000s\000\040\000S\000z\000e\000n\000a\000r\000i\000o\000\040\000b\000e\000s\000s\000e\000r\000\040\000g\000e\000e\000i\000g\000n\000e\000t\000?}{section.2.4}% 15
\BOOKMARK [0][-]{chapter.3}{\376\377\000G\000r\000a\000p\000h\000Q\000L}{}% 16
\BOOKMARK [1][-]{section.3.1}{\376\377\000I\000n\000t\000e\000r\000f\000a\000c\000e\000s}{chapter.3}% 17
\BOOKMARK [1][-]{section.3.2}{\376\377\000I\000n\000p\000u\000t\000\040\000T\000y\000p\000e\000n}{chapter.3}% 18
\BOOKMARK [1][-]{section.3.3}{\376\377\000P\000a\000r\000a\000m\000e\000t\000e\000r}{chapter.3}% 19
\BOOKMARK [1][-]{section.3.4}{\376\377\000S\000k\000a\000l\000a\000r\000e}{chapter.3}% 20
\BOOKMARK [1][-]{section.3.5}{\376\377\000Q\000u\000e\000r\000y\000s}{chapter.3}% 21
\BOOKMARK [2][-]{subsection.3.5.1}{\376\377\000D\000e\000s\000i\000g\000n\000e\000m\000p\000f\000e\000h\000l\000u\000n\000g\000e\000n}{section.3.5}% 22
\BOOKMARK [2][-]{subsection.3.5.2}{\376\377\000V\000e\000r\000s\000c\000h\000a\000c\000h\000t\000e\000l\000t\000e\000\040\000Q\000u\000e\000r\000y\000s}{section.3.5}% 23
\BOOKMARK [2][-]{subsection.3.5.3}{\376\377\000V\000a\000r\000i\000a\000b\000l\000e\000n}{section.3.5}% 24
\BOOKMARK [2][-]{subsection.3.5.4}{\376\377\000F\000r\000a\000g\000m\000e\000n\000t\000i\000e\000r\000u\000n\000g}{section.3.5}% 25
\BOOKMARK [2][-]{subsection.3.5.5}{\376\377\000A\000l\000i\000a\000s\000e}{section.3.5}% 26
\BOOKMARK [1][-]{section.3.6}{\376\377\000M\000u\000t\000a\000t\000i\000o\000n\000e\000n}{chapter.3}% 27
\BOOKMARK [2][-]{subsection.3.6.1}{\376\377\000D\000e\000s\000i\000g\000n\000e\000m\000p\000f\000e\000h\000l\000u\000n\000g\000e\000n}{section.3.6}% 28
\BOOKMARK [1][-]{section.3.7}{\376\377\000B\000e\000k\000a\000n\000n\000t\000e\000\040\000P\000r\000o\000b\000l\000e\000m\000e}{chapter.3}% 29
\BOOKMARK [2][-]{subsection.3.7.1}{\376\377\000A\000u\000t\000h\000e\000n\000t\000i\000f\000i\000z\000i\000e\000r\000u\000n\000g\000,\000\040\000A\000u\000t\000o\000r\000i\000s\000i\000e\000r\000u\000n\000g\000\040\000u\000n\000d\000\040\000R\000o\000l\000l\000e\000n\000m\000a\000n\000a\000g\000e\000m\000e\000n\000t}{section.3.7}% 30
\BOOKMARK [2][-]{subsection.3.7.2}{\376\377\0001\000\040\000+\000\040\000n\000\040\000P\000r\000o\000b\000l\000e\000m}{section.3.7}% 31
\BOOKMARK [2][-]{subsection.3.7.3}{\376\377\000S\000u\000b\000s\000c\000r\000i\000p\000t\000i\000o\000n\000s}{section.3.7}% 32
\BOOKMARK [2][-]{subsection.3.7.4}{\376\377\000F\000e\000h\000l\000e\000r\000m\000a\000n\000a\000g\000e\000m\000e\000n\000t}{section.3.7}% 33
\BOOKMARK [2][-]{subsection.3.7.5}{\376\377\000P\000a\000g\000i\000n\000a\000t\000i\000o\000n}{section.3.7}% 34
\BOOKMARK [2][-]{subsection.3.7.6}{\376\377\000C\000a\000c\000h\000i\000n\000g}{section.3.7}% 35
\BOOKMARK [0][-]{chapter.4}{\376\377\000E\000n\000t\000w\000i\000c\000k\000l\000u\000n\000g}{}% 36
\BOOKMARK [1][-]{section.4.1}{\376\377\000A\000n\000w\000e\000n\000d\000u\000n\000g\000s\000s\000z\000e\000n\000a\000r\000i\000o}{chapter.4}% 37
\BOOKMARK [1][-]{section.4.2}{\376\377\000A\000r\000c\000h\000i\000t\000e\000k\000t\000u\000r}{chapter.4}% 38
\BOOKMARK [1][-]{section.4.3}{\376\377\000E\000n\000t\000w\000u\000r\000f\000\040\000S\000c\000h\000e\000m\000a}{chapter.4}% 39
\BOOKMARK [1][-]{section.4.4}{\376\377\000U\000m\000s\000e\000t\000z\000u\000n\000g\000\040\000G\000r\000a\000p\000h\000Q\000L\000\040\000m\000i\000t\000\040\000.\000N\000E\000T}{chapter.4}% 40
\BOOKMARK [2][-]{subsection.4.4.1}{\376\377\000V\000e\000r\000w\000e\000n\000d\000e\000t\000e\000\040\000B\000i\000b\000l\000i\000o\000t\000h\000e\000k\000e\000n}{section.4.4}% 41
\BOOKMARK [2][-]{subsection.4.4.2}{\376\377\000E\000n\000t\000i\000t\000y\000\040\000F\000r\000a\000m\000e\000w\000o\000r\000k}{section.4.4}% 42
\BOOKMARK [2][-]{subsection.4.4.3}{\376\377\000U\000m\000s\000e\000t\000z\000u\000n\000g\000\040\000A\000u\000t\000h\000e\000n\000t\000i\000f\000i\000z\000i\000e\000r\000u\000n\000g\000,\000\040\000A\000u\000t\000o\000r\000i\000s\000i\000e\000r\000u\000n\000g\000,\000\040\000R\000o\000l\000l\000e\000n\000m\000a\000n\000a\000g\000e\000m\000e\000n\000t}{section.4.4}% 43
\BOOKMARK [2][-]{subsection.4.4.4}{\376\377\000U\000m\000s\000e\000t\000z\000u\000n\000g\000\040\000S\000u\000b\000s\000c\000r\000i\000p\000t\000i\000o\000n\000s}{section.4.4}% 44
\BOOKMARK [2][-]{subsection.4.4.5}{\376\377\000U\000m\000s\000e\000t\000z\000u\000n\000g\000\040\0001\000\040\000+\000\040\000n\000\040\000P\000r\000o\000b\000l\000e\000m}{section.4.4}% 45
\BOOKMARK [2][-]{subsection.4.4.6}{\376\377\000U\000m\000s\000e\000t\000z\000u\000n\000g\000\040\000P\000a\000g\000i\000n\000a\000t\000i\000o\000n}{section.4.4}% 46
\BOOKMARK [0][-]{chapter.5}{\376\377\000C\000o\000n\000c\000l\000u\000s\000i\000o}{}% 47
\BOOKMARK [1][-]{section.5.1}{\376\377\000F\000a\000z\000i\000t}{chapter.5}% 48
\BOOKMARK [1][-]{section.5.2}{\376\377\000A\000u\000s\000b\000l\000i\000c\000k}{chapter.5}% 49
